2021-07-08 17:19:06.860  INFO 11184 --- [restartedMain] c.a.p.a.u.PhotoAppApiUsersApplication    : Starting PhotoAppApiUsersApplication on DESKTOP-BKHCO08 with PID 11184 (C:\Users\nilay\Downloads\SpringCloudVideoCourse-master\SpringCloudVideoCourse-master\PhotoAppApiUsers\target\classes started by nilay in C:\Users\nilay\Downloads\SpringCloudVideoCourse-master\SpringCloudVideoCourse-master\PhotoAppApiUsers)
2021-07-08 17:19:06.865  INFO 11184 --- [restartedMain] c.a.p.a.u.PhotoAppApiUsersApplication    : No active profile set, falling back to default profiles: default
2021-07-08 17:19:06.950  INFO 11184 --- [restartedMain] .e.DevToolsPropertyDefaultsPostProcessor : Devtools property defaults active! Set 'spring.devtools.add-properties' to 'false' to disable
2021-07-08 17:19:06.952  INFO 11184 --- [restartedMain] .e.DevToolsPropertyDefaultsPostProcessor : For additional web related logging consider setting the 'logging.level.web' property to 'DEBUG'
2021-07-08 17:19:08.514  INFO 11184 --- [restartedMain] .s.d.r.c.RepositoryConfigurationDelegate : Bootstrapping Spring Data repositories in DEFAULT mode.
2021-07-08 17:19:08.628  INFO 11184 --- [restartedMain] .s.d.r.c.RepositoryConfigurationDelegate : Finished Spring Data repository scanning in 98ms. Found 1 repository interfaces.
2021-07-08 17:19:09.444  INFO 11184 --- [restartedMain] trationDelegate$BeanPostProcessorChecker : Bean 'org.springframework.transaction.annotation.ProxyTransactionManagementConfiguration' of type [org.springframework.transaction.annotation.ProxyTransactionManagementConfiguration$$EnhancerBySpringCGLIB$$3ee3975a] is not eligible for getting processed by all BeanPostProcessors (for example: not eligible for auto-proxying)
2021-07-08 17:19:10.032  INFO 11184 --- [restartedMain] o.s.b.w.embedded.tomcat.TomcatWebServer  : Tomcat initialized with port(s): 0 (http)
2021-07-08 17:19:10.066  INFO 11184 --- [restartedMain] o.apache.catalina.core.StandardService   : Starting service [Tomcat]
2021-07-08 17:19:10.067  INFO 11184 --- [restartedMain] org.apache.catalina.core.StandardEngine  : Starting Servlet engine: [Apache Tomcat/9.0.17]
2021-07-08 17:19:10.247  INFO 11184 --- [restartedMain] o.a.c.c.C.[Tomcat].[localhost].[/]       : Initializing Spring embedded WebApplicationContext
2021-07-08 17:19:10.247  INFO 11184 --- [restartedMain] o.s.web.context.ContextLoader            : Root WebApplicationContext: initialization completed in 3294 ms
2021-07-08 17:19:10.925  INFO 11184 --- [restartedMain] com.zaxxer.hikari.HikariDataSource       : HikariPool-1 - Starting...
2021-07-08 17:19:11.141  INFO 11184 --- [restartedMain] com.zaxxer.hikari.HikariDataSource       : HikariPool-1 - Start completed.
2021-07-08 17:19:11.215  INFO 11184 --- [restartedMain] o.hibernate.jpa.internal.util.LogHelper  : HHH000204: Processing PersistenceUnitInfo [
	name: default
	...]
2021-07-08 17:19:11.325  INFO 11184 --- [restartedMain] org.hibernate.Version                    : HHH000412: Hibernate Core {5.3.9.Final}
2021-07-08 17:19:11.329  INFO 11184 --- [restartedMain] org.hibernate.cfg.Environment            : HHH000206: hibernate.properties not found
2021-07-08 17:19:11.555  INFO 11184 --- [restartedMain] o.hibernate.annotations.common.Version   : HCANN000001: Hibernate Commons Annotations {5.0.4.Final}
2021-07-08 17:19:11.784  INFO 11184 --- [restartedMain] org.hibernate.dialect.Dialect            : HHH000400: Using dialect: org.hibernate.dialect.H2Dialect
2021-07-08 17:19:12.666  INFO 11184 --- [restartedMain] j.LocalContainerEntityManagerFactoryBean : Initialized JPA EntityManagerFactory for persistence unit 'default'
2021-07-08 17:19:12.721  INFO 11184 --- [restartedMain] o.s.b.d.a.OptionalLiveReloadServer       : LiveReload server is running on port 35729
2021-07-08 17:19:13.452  INFO 11184 --- [restartedMain] o.s.s.web.DefaultSecurityFilterChain     : Creating filter chain: any request, [org.springframework.security.web.context.request.async.WebAsyncManagerIntegrationFilter@3bec0dd5, org.springframework.security.web.context.SecurityContextPersistenceFilter@46319934, org.springframework.security.web.header.HeaderWriterFilter@20d5a401, org.springframework.security.web.authentication.logout.LogoutFilter@6614f204, com.appsdeveloperblog.photoapp.api.users.security.AuthenticationFilter@7964a751, org.springframework.security.web.savedrequest.RequestCacheAwareFilter@370174f3, org.springframework.security.web.servletapi.SecurityContextHolderAwareRequestFilter@389f7bb1, org.springframework.security.web.authentication.AnonymousAuthenticationFilter@22f42d67, org.springframework.security.web.session.SessionManagementFilter@3b8c5c0b, org.springframework.security.web.access.ExceptionTranslationFilter@23f49fa9, org.springframework.security.web.access.intercept.FilterSecurityInterceptor@354b6677]
2021-07-08 17:19:13.688  INFO 11184 --- [restartedMain] o.s.s.concurrent.ThreadPoolTaskExecutor  : Initializing ExecutorService 'applicationTaskExecutor'
2021-07-08 17:19:13.754  WARN 11184 --- [restartedMain] aWebConfiguration$JpaWebMvcConfiguration : spring.jpa.open-in-view is enabled by default. Therefore, database queries may be performed during view rendering. Explicitly configure spring.jpa.open-in-view to disable this warning
2021-07-08 17:19:14.140  INFO 11184 --- [restartedMain] o.s.b.a.e.web.EndpointLinksResolver      : Exposing 1 endpoint(s) beneath base path '/actuator'
2021-07-08 17:19:14.298  INFO 11184 --- [restartedMain] o.s.b.w.embedded.tomcat.TomcatWebServer  : Tomcat started on port(s): 54066 (http) with context path ''
2021-07-08 17:19:14.303  INFO 11184 --- [restartedMain] c.a.p.a.u.PhotoAppApiUsersApplication    : Started PhotoAppApiUsersApplication in 8.068 seconds (JVM running for 9.702)
2021-07-08 17:20:01.813  INFO 11184 --- [http-nio-auto-1-exec-1] o.a.c.c.C.[Tomcat].[localhost].[/]       : Initializing Spring DispatcherServlet 'dispatcherServlet'
2021-07-08 17:20:01.814  INFO 11184 --- [http-nio-auto-1-exec-1] o.s.web.servlet.DispatcherServlet        : Initializing Servlet 'dispatcherServlet'
2021-07-08 17:20:01.824  INFO 11184 --- [http-nio-auto-1-exec-1] o.s.web.servlet.DispatcherServlet        : Completed initialization in 10 ms
2021-07-08 17:20:26.174  INFO 11184 --- [Thread-4] o.s.s.concurrent.ThreadPoolTaskExecutor  : Shutting down ExecutorService 'applicationTaskExecutor'
2021-07-08 17:20:26.175  INFO 11184 --- [Thread-4] j.LocalContainerEntityManagerFactoryBean : Closing JPA EntityManagerFactory for persistence unit 'default'
2021-07-08 17:20:26.181  INFO 11184 --- [Thread-4] o.s.b.f.support.DisposableBeanAdapter    : Invocation of destroy method failed on bean with name 'inMemoryDatabaseShutdownExecutor': org.h2.jdbc.JdbcSQLNonTransientConnectionException: Database is already closed (to disable automatic closing at VM shutdown, add ";DB_CLOSE_ON_EXIT=FALSE" to the db URL) [90121-199]
2021-07-08 17:20:26.182  INFO 11184 --- [Thread-4] com.zaxxer.hikari.HikariDataSource       : HikariPool-1 - Shutdown initiated...
2021-07-08 17:20:26.186  INFO 11184 --- [Thread-4] com.zaxxer.hikari.HikariDataSource       : HikariPool-1 - Shutdown completed.
2021-07-08 17:20:26.426  INFO 11184 --- [restartedMain] c.a.p.a.u.PhotoAppApiUsersApplication    : Starting PhotoAppApiUsersApplication on DESKTOP-BKHCO08 with PID 11184 (C:\Users\nilay\Downloads\SpringCloudVideoCourse-master\SpringCloudVideoCourse-master\PhotoAppApiUsers\target\classes started by nilay in C:\Users\nilay\Downloads\SpringCloudVideoCourse-master\SpringCloudVideoCourse-master\PhotoAppApiUsers)
2021-07-08 17:20:26.426  INFO 11184 --- [restartedMain] c.a.p.a.u.PhotoAppApiUsersApplication    : No active profile set, falling back to default profiles: default
2021-07-08 17:20:27.204  INFO 11184 --- [restartedMain] .s.d.r.c.RepositoryConfigurationDelegate : Bootstrapping Spring Data repositories in DEFAULT mode.
2021-07-08 17:20:27.292  INFO 11184 --- [restartedMain] .s.d.r.c.RepositoryConfigurationDelegate : Finished Spring Data repository scanning in 86ms. Found 1 repository interfaces.
2021-07-08 17:20:27.558  INFO 11184 --- [restartedMain] trationDelegate$BeanPostProcessorChecker : Bean 'org.springframework.transaction.annotation.ProxyTransactionManagementConfiguration' of type [org.springframework.transaction.annotation.ProxyTransactionManagementConfiguration$$EnhancerBySpringCGLIB$$3ee3975a] is not eligible for getting processed by all BeanPostProcessors (for example: not eligible for auto-proxying)
2021-07-08 17:20:27.703  INFO 11184 --- [restartedMain] o.s.b.w.embedded.tomcat.TomcatWebServer  : Tomcat initialized with port(s): 0 (http)
2021-07-08 17:20:27.709  INFO 11184 --- [restartedMain] o.apache.catalina.core.StandardService   : Starting service [Tomcat]
2021-07-08 17:20:27.710  INFO 11184 --- [restartedMain] org.apache.catalina.core.StandardEngine  : Starting Servlet engine: [Apache Tomcat/9.0.17]
2021-07-08 17:20:27.816  INFO 11184 --- [restartedMain] o.a.c.c.C.[Tomcat].[localhost].[/]       : Initializing Spring embedded WebApplicationContext
2021-07-08 17:20:27.816  INFO 11184 --- [restartedMain] o.s.web.context.ContextLoader            : Root WebApplicationContext: initialization completed in 1386 ms
2021-07-08 17:20:28.683  INFO 11184 --- [restartedMain] com.zaxxer.hikari.HikariDataSource       : HikariPool-2 - Starting...
2021-07-08 17:20:28.689  INFO 11184 --- [restartedMain] com.zaxxer.hikari.HikariDataSource       : HikariPool-2 - Start completed.
2021-07-08 17:20:28.707  INFO 11184 --- [restartedMain] o.hibernate.jpa.internal.util.LogHelper  : HHH000204: Processing PersistenceUnitInfo [
	name: default
	...]
2021-07-08 17:20:28.730  INFO 11184 --- [restartedMain] org.hibernate.dialect.Dialect            : HHH000400: Using dialect: org.hibernate.dialect.H2Dialect
2021-07-08 17:20:28.804  INFO 11184 --- [restartedMain] j.LocalContainerEntityManagerFactoryBean : Initialized JPA EntityManagerFactory for persistence unit 'default'
2021-07-08 17:20:28.826  INFO 11184 --- [restartedMain] o.s.b.d.a.OptionalLiveReloadServer       : LiveReload server is running on port 35729
2021-07-08 17:20:28.946  INFO 11184 --- [restartedMain] o.s.s.web.DefaultSecurityFilterChain     : Creating filter chain: any request, [org.springframework.security.web.context.request.async.WebAsyncManagerIntegrationFilter@6e845bd1, org.springframework.security.web.context.SecurityContextPersistenceFilter@1fb9f5fb, org.springframework.security.web.header.HeaderWriterFilter@14ec2ad0, org.springframework.security.web.authentication.logout.LogoutFilter@3e671eb2, com.appsdeveloperblog.photoapp.api.users.security.AuthenticationFilter@2f8ca69e, org.springframework.security.web.savedrequest.RequestCacheAwareFilter@70df3d57, org.springframework.security.web.servletapi.SecurityContextHolderAwareRequestFilter@5103336, org.springframework.security.web.authentication.AnonymousAuthenticationFilter@13f94900, org.springframework.security.web.session.SessionManagementFilter@d06c957, org.springframework.security.web.access.ExceptionTranslationFilter@23d98a19, org.springframework.security.web.access.intercept.FilterSecurityInterceptor@93cccd7]
2021-07-08 17:20:29.030  INFO 11184 --- [restartedMain] o.s.s.concurrent.ThreadPoolTaskExecutor  : Initializing ExecutorService 'applicationTaskExecutor'
2021-07-08 17:20:29.038  WARN 11184 --- [restartedMain] aWebConfiguration$JpaWebMvcConfiguration : spring.jpa.open-in-view is enabled by default. Therefore, database queries may be performed during view rendering. Explicitly configure spring.jpa.open-in-view to disable this warning
2021-07-08 17:20:29.175  INFO 11184 --- [restartedMain] o.s.b.a.e.web.EndpointLinksResolver      : Exposing 1 endpoint(s) beneath base path '/actuator'
2021-07-08 17:20:29.264  INFO 11184 --- [restartedMain] o.s.b.w.embedded.tomcat.TomcatWebServer  : Tomcat started on port(s): 54722 (http) with context path ''
2021-07-08 17:20:29.270  INFO 11184 --- [restartedMain] c.a.p.a.u.PhotoAppApiUsersApplication    : Started PhotoAppApiUsersApplication in 2.899 seconds (JVM running for 84.669)
2021-07-08 17:20:29.300  INFO 11184 --- [restartedMain] .ConditionEvaluationDeltaLoggingListener : Condition evaluation unchanged
2021-07-08 17:20:42.730  INFO 11184 --- [Thread-9] o.s.s.concurrent.ThreadPoolTaskExecutor  : Shutting down ExecutorService 'applicationTaskExecutor'
2021-07-08 17:20:42.732  INFO 11184 --- [Thread-9] j.LocalContainerEntityManagerFactoryBean : Closing JPA EntityManagerFactory for persistence unit 'default'
2021-07-08 17:20:42.734  INFO 11184 --- [Thread-9] o.s.b.f.support.DisposableBeanAdapter    : Invocation of destroy method failed on bean with name 'inMemoryDatabaseShutdownExecutor': org.h2.jdbc.JdbcSQLNonTransientConnectionException: Database is already closed (to disable automatic closing at VM shutdown, add ";DB_CLOSE_ON_EXIT=FALSE" to the db URL) [90121-199]
2021-07-08 17:20:42.734  INFO 11184 --- [Thread-9] com.zaxxer.hikari.HikariDataSource       : HikariPool-2 - Shutdown initiated...
2021-07-08 17:20:42.735  INFO 11184 --- [Thread-9] com.zaxxer.hikari.HikariDataSource       : HikariPool-2 - Shutdown completed.
2021-07-08 17:20:42.876  INFO 11184 --- [restartedMain] c.a.p.a.u.PhotoAppApiUsersApplication    : Starting PhotoAppApiUsersApplication on DESKTOP-BKHCO08 with PID 11184 (C:\Users\nilay\Downloads\SpringCloudVideoCourse-master\SpringCloudVideoCourse-master\PhotoAppApiUsers\target\classes started by nilay in C:\Users\nilay\Downloads\SpringCloudVideoCourse-master\SpringCloudVideoCourse-master\PhotoAppApiUsers)
2021-07-08 17:20:42.876  INFO 11184 --- [restartedMain] c.a.p.a.u.PhotoAppApiUsersApplication    : No active profile set, falling back to default profiles: default
2021-07-08 17:20:43.613  INFO 11184 --- [restartedMain] .s.d.r.c.RepositoryConfigurationDelegate : Bootstrapping Spring Data repositories in DEFAULT mode.
2021-07-08 17:20:43.642  INFO 11184 --- [restartedMain] .s.d.r.c.RepositoryConfigurationDelegate : Finished Spring Data repository scanning in 29ms. Found 1 repository interfaces.
2021-07-08 17:20:43.742  INFO 11184 --- [restartedMain] trationDelegate$BeanPostProcessorChecker : Bean 'org.springframework.transaction.annotation.ProxyTransactionManagementConfiguration' of type [org.springframework.transaction.annotation.ProxyTransactionManagementConfiguration$$EnhancerBySpringCGLIB$$3ee3975a] is not eligible for getting processed by all BeanPostProcessors (for example: not eligible for auto-proxying)
2021-07-08 17:20:43.826  INFO 11184 --- [restartedMain] o.s.b.w.embedded.tomcat.TomcatWebServer  : Tomcat initialized with port(s): 8081 (http)
2021-07-08 17:20:43.829  INFO 11184 --- [restartedMain] o.apache.catalina.core.StandardService   : Starting service [Tomcat]
2021-07-08 17:20:43.829  INFO 11184 --- [restartedMain] org.apache.catalina.core.StandardEngine  : Starting Servlet engine: [Apache Tomcat/9.0.17]
2021-07-08 17:20:43.864  INFO 11184 --- [restartedMain] o.a.c.c.C.[Tomcat].[localhost].[/]       : Initializing Spring embedded WebApplicationContext
2021-07-08 17:20:43.864  INFO 11184 --- [restartedMain] o.s.web.context.ContextLoader            : Root WebApplicationContext: initialization completed in 984 ms
2021-07-08 17:20:44.110  INFO 11184 --- [restartedMain] com.zaxxer.hikari.HikariDataSource       : HikariPool-3 - Starting...
2021-07-08 17:20:44.114  INFO 11184 --- [restartedMain] com.zaxxer.hikari.HikariDataSource       : HikariPool-3 - Start completed.
2021-07-08 17:20:44.127  INFO 11184 --- [restartedMain] o.hibernate.jpa.internal.util.LogHelper  : HHH000204: Processing PersistenceUnitInfo [
	name: default
	...]
2021-07-08 17:20:44.145  INFO 11184 --- [restartedMain] org.hibernate.dialect.Dialect            : HHH000400: Using dialect: org.hibernate.dialect.H2Dialect
2021-07-08 17:20:44.229  INFO 11184 --- [restartedMain] j.LocalContainerEntityManagerFactoryBean : Initialized JPA EntityManagerFactory for persistence unit 'default'
2021-07-08 17:20:44.251  INFO 11184 --- [restartedMain] o.s.b.d.a.OptionalLiveReloadServer       : LiveReload server is running on port 35729
2021-07-08 17:20:44.401  INFO 11184 --- [restartedMain] o.s.s.web.DefaultSecurityFilterChain     : Creating filter chain: any request, [org.springframework.security.web.context.request.async.WebAsyncManagerIntegrationFilter@35c59a5, org.springframework.security.web.context.SecurityContextPersistenceFilter@325af299, org.springframework.security.web.header.HeaderWriterFilter@633b35b0, org.springframework.security.web.authentication.logout.LogoutFilter@7edc3be, com.appsdeveloperblog.photoapp.api.users.security.AuthenticationFilter@1e560d74, org.springframework.security.web.savedrequest.RequestCacheAwareFilter@469fa554, org.springframework.security.web.servletapi.SecurityContextHolderAwareRequestFilter@7cb38e82, org.springframework.security.web.authentication.AnonymousAuthenticationFilter@593096cb, org.springframework.security.web.session.SessionManagementFilter@27db9fdd, org.springframework.security.web.access.ExceptionTranslationFilter@4236c0f6, org.springframework.security.web.access.intercept.FilterSecurityInterceptor@50f61d7c]
2021-07-08 17:20:44.489  INFO 11184 --- [restartedMain] o.s.s.concurrent.ThreadPoolTaskExecutor  : Initializing ExecutorService 'applicationTaskExecutor'
2021-07-08 17:20:44.502  WARN 11184 --- [restartedMain] aWebConfiguration$JpaWebMvcConfiguration : spring.jpa.open-in-view is enabled by default. Therefore, database queries may be performed during view rendering. Explicitly configure spring.jpa.open-in-view to disable this warning
2021-07-08 17:20:44.631  INFO 11184 --- [restartedMain] o.s.b.a.e.web.EndpointLinksResolver      : Exposing 1 endpoint(s) beneath base path '/actuator'
2021-07-08 17:20:44.685  INFO 11184 --- [restartedMain] o.s.b.w.embedded.tomcat.TomcatWebServer  : Tomcat started on port(s): 8081 (http) with context path ''
2021-07-08 17:20:44.693  INFO 11184 --- [restartedMain] c.a.p.a.u.PhotoAppApiUsersApplication    : Started PhotoAppApiUsersApplication in 1.848 seconds (JVM running for 100.09)
2021-07-08 17:21:58.850  INFO 11184 --- [Thread-16] o.s.s.concurrent.ThreadPoolTaskExecutor  : Shutting down ExecutorService 'applicationTaskExecutor'
2021-07-08 17:21:58.851  INFO 11184 --- [Thread-16] j.LocalContainerEntityManagerFactoryBean : Closing JPA EntityManagerFactory for persistence unit 'default'
2021-07-08 17:21:58.853  INFO 11184 --- [Thread-16] o.s.b.f.support.DisposableBeanAdapter    : Invocation of destroy method failed on bean with name 'inMemoryDatabaseShutdownExecutor': org.h2.jdbc.JdbcSQLNonTransientConnectionException: Database is already closed (to disable automatic closing at VM shutdown, add ";DB_CLOSE_ON_EXIT=FALSE" to the db URL) [90121-199]
2021-07-08 17:21:58.853  INFO 11184 --- [Thread-16] com.zaxxer.hikari.HikariDataSource       : HikariPool-3 - Shutdown initiated...
2021-07-08 17:21:58.854  INFO 11184 --- [Thread-16] com.zaxxer.hikari.HikariDataSource       : HikariPool-3 - Shutdown completed.
